Starting Dynare (version 6.2).
Calling Dynare with arguments: -DEXPW=0.9 -DECONW=0.9 -DREACTW=0.9
Starting preprocessing of the model file ...
Substitution of endo lags >= 2: added 10 auxiliary variables and equations.
Found 21 equation(s).
Evaluating expressions...
Computing static model derivatives (order 1).
Normalizing the static model...
Finding the optimal block decomposition of the static model...
7 block(s) found:
  6 recursive block(s) and 1 simultaneous block(s).
  the largest simultaneous block has 15 equation(s)
                                 and 15 feedback variable(s).
Computing dynamic model derivatives (order 2).
Normalizing the dynamic model...
Finding the optimal block decomposition of the dynamic model...
3 block(s) found:
  2 recursive block(s) and 1 simultaneous block(s).
  the largest simultaneous block has 15 equation(s)
                                 and 14 feedback variable(s).
Preprocessing completed.
Preprocessing time: 0h00m00s.

EIGENVALUES:
         Modulus             Real        Imaginary
       6.633e-16        6.633e-16                0
          0.7621           -0.733           0.2085
          0.7621           -0.733          -0.2085
          0.7668          -0.5164           0.5669
          0.7668          -0.5164          -0.5669
          0.7771          -0.1404           0.7644
          0.7771          -0.1404          -0.7644
          0.7954           0.2959           0.7383
          0.7954           0.2959          -0.7383
          0.8119           0.8119                0
          0.8255           0.6785           0.4703
          0.8255           0.6785          -0.4703
             0.9              0.9                0
             0.9              0.9                0
             0.9              0.9                0
             0.9              0.9                0
             0.9              0.9                0
           1.247            1.226           0.2259
           1.247            1.226          -0.2259
             Inf             -Inf                0

There are 3 eigenvalue(s) larger than 1 in modulus for 3 forward-looking variable(s)
The rank condition is verified.


MODEL SUMMARY

  Number of variables:         21
  Number of stochastic shocks: 5
  Number of state variables:   17
  Number of jumpers:           3
  Number of static variables:  4


MATRIX OF COVARIANCE OF EXOGENOUS SHOCKS
Variables       eps_a     eps_e     eps_p     eps_j     eps_u
eps_a        0.000000  0.000000  0.000000  0.000000  0.000000
eps_e        0.000000  1.000000  0.000000  0.000000  0.000000
eps_p        0.000000  0.000000  1.000000  0.000000  0.000000
eps_j        0.000000  0.000000  0.000000  1.000000  0.000000
eps_u        0.000000  0.000000  0.000000  0.000000  0.000000

POLICY AND TRANSITION FUNCTIONS
                                  pi            y_cb              rn               i              ex           react               a               e               p               j               u
Constant                           0               0        0.010101        0.010101               0               0               0               0               0               0               0
e(-1)                       1.146572        0.740294               0        1.640409        1.826808        1.547873               0        0.900000               0               0               0
p(-1)                      -1.146572       -0.740294               0       -0.740409       -0.926808       -0.647873               0               0        0.900000               0               0
j(-1)                       1.146572        0.740294               0        1.640409        0.926808        1.547873               0               0               0        0.900000               0
u(-1)                       2.051410       -3.711535               0        2.305461        1.625961        2.769403               0               0               0               0        0.900000
y_cb(-2)                    0.009470       -0.014043               0        0.011030        0.010801        0.012785               0               0               0               0               0
y_cb(-3)                    0.012162       -0.015179               0        0.014521        0.013425        0.016419               0               0               0               0               0
y_cb(-4)                    0.015103       -0.015393               0        0.018465        0.016133        0.020389               0               0               0               0               0
y_cb(-5)                    0.018132       -0.014154               0        0.022709        0.018692        0.024478               0               0               0               0               0
y_cb(-6)                    0.020987       -0.010780               0        0.026985        0.020762        0.028333               0               0               0               0               0
y_cb(-7)                    0.023281       -0.004434               0        0.030874        0.021856        0.031429               0               0               0               0               0
y_cb(-8)                    0.024466        0.005884               0        0.033765        0.021324        0.033030               0               0               0               0               0
y_cb(-9)                    0.023809        0.021323               0        0.034808        0.018317        0.032142               0               0               0               0               0
y_cb(-10)                   0.020354        0.043145               0        0.032871        0.011770        0.027478               0               0               0               0               0
y_cb(-11)                   0.012902        0.072658               0        0.026501        0.000390        0.017418               0               0               0               0               0
pi(-1)                     -0.006451       -0.036329               0        0.136750        0.099805        0.141291               0               0               0               0               0
y_cb(-1)                    0.007116       -0.012388               0        0.008058        0.008403        0.009607               0               0               0               0               0
a(-1)                      -0.114657       -0.074029       -0.090000       -0.164041       -0.092681       -0.154787        0.900000               0               0               0               0
eps_a                      -0.127397       -0.082255       -0.100000       -0.182268       -0.102979       -0.171986        1.000000               0               0               0               0
eps_e                       1.273969        0.822549               0        1.822677        2.029786        1.719859               0        1.000000               0               0               0
eps_p                      -1.273969       -0.822549               0       -0.822677       -1.029786       -0.719859               0               0        1.000000               0               0
eps_j                       1.273969        0.822549               0        1.822677        1.029786        1.719859               0               0               0        1.000000               0
eps_u                       2.279344       -4.123928               0        2.561624        1.806623        3.077115               0               0               0               0        1.000000


MOMENTS OF SIMULATED VARIABLES
VARIABLE              MEAN       STD. DEV.        VARIANCE        SKEWNESS        KURTOSIS
pi               -0.266386        4.794039       22.982808       -0.143559       -0.221698
y_cb             -0.153255        2.774885        7.699989       -0.111524       -0.108975
rn                0.010101        0.000000        0.000000             NaN             NaN
i                -0.065809        6.676482       44.575406       -0.011826       -0.076081
ex               -0.226482        6.010204       36.122556        0.068504       -0.337223
react            -0.056753        6.350244       40.325597       -0.006003       -0.066105
a                -0.000000        0.000000        0.000000             NaN             NaN
e                 0.018886        2.419650        5.854705        0.134575       -0.366249
p                 0.343541        2.350353        5.524159        0.285048        0.094130
j                 0.138430        2.227850        4.963316       -0.133528       -0.303606
u                 0.000000        0.000000        0.000000             NaN             NaN


CORRELATION OF SIMULATED VARIABLES
VARIABLE         pi     y_cb       rn        i       ex    react        a        e        p        j        u
pi           1.0000   0.9952      NaN   0.9493   0.9393   0.9437      NaN   0.5309  -0.4805   0.5118      NaN
y_cb         0.9952   1.0000      NaN   0.9435   0.9332   0.9374      NaN   0.5312  -0.4753   0.5117      NaN
rn              NaN      NaN      NaN      NaN      NaN      NaN      NaN      NaN      NaN      NaN      NaN
i            0.9493   0.9435      NaN   1.0000   0.9521   0.9998      NaN   0.6487  -0.1832   0.6093      NaN
ex           0.9393   0.9332      NaN   0.9521   1.0000   0.9500      NaN   0.7875  -0.2846   0.3420      NaN
react        0.9437   0.9374      NaN   0.9998   0.9500   1.0000      NaN   0.6531  -0.1666   0.6127      NaN
a               NaN      NaN      NaN      NaN      NaN      NaN      NaN      NaN      NaN      NaN      NaN
e            0.5309   0.5312      NaN   0.6487   0.7875   0.6531      NaN   1.0000   0.1559  -0.0734      NaN
p           -0.4805  -0.4753      NaN  -0.1832  -0.2846  -0.1666      NaN   0.1559   1.0000   0.1029      NaN
j            0.5118   0.5117      NaN   0.6093   0.3420   0.6127      NaN  -0.0734   0.1029   1.0000      NaN
u               NaN      NaN      NaN      NaN      NaN      NaN      NaN      NaN      NaN      NaN      NaN


AUTOCORRELATION OF SIMULATED VARIABLES
VARIABLE         1       2       3       4       5
pi          0.9029  0.8187  0.7499  0.6866  0.6260
y_cb        0.8758  0.7803  0.7047  0.6381  0.5771
rn             NaN     NaN     NaN     NaN     NaN
i           0.9227  0.8407  0.7718  0.7075  0.6476
ex          0.9182  0.8306  0.7576  0.6897  0.6255
react       0.9246  0.8433  0.7745  0.7102  0.6502
a              NaN     NaN     NaN     NaN     NaN
e           0.9097  0.8223  0.7429  0.6665  0.5942
p           0.9035  0.8217  0.7405  0.6657  0.5926
j           0.8973  0.8094  0.7238  0.6494  0.5797
u              NaN     NaN     NaN     NaN     NaN



VARIANCE DECOMPOSITION SIMULATING ONE SHOCK AT A TIME (in percent)
                    eps_a             eps_e             eps_p             eps_j             eps_u  Tot. lin. contr.
pi                   0.00             46.21             43.30             39.14              0.00            128.64
y_cb                 0.00             45.88             42.62             38.82              0.00            127.33
rn                    NaN               NaN               NaN               NaN               NaN               NaN
i                    0.00             58.04             15.03             49.07              0.00            122.14
ex                   0.00             80.38             22.94             20.70              0.00            124.01
react                0.00             58.41             13.88             49.38              0.00            121.66
a                     NaN               NaN               NaN               NaN               NaN               NaN
e                    0.00            100.11              0.00              0.00              0.00            100.11
p                    0.00              0.00            100.11              0.00              0.00            100.11
j                    0.00              0.00              0.00            100.11              0.00            100.11
u                     NaN               NaN               NaN               NaN               NaN               NaN
Note: numbers do not add up to 100 due to non-zero correlation of simulated shocks in small samples

Total computing time : 0h00m05s
