Starting Dynare (version 6.2).
Calling Dynare with arguments: -DEXPW=0.8 -DECONW=0.8 -DREACTW=0.8
Starting preprocessing of the model file ...
Substitution of endo lags >= 2: added 10 auxiliary variables and equations.
Found 21 equation(s).
Evaluating expressions...
Computing static model derivatives (order 1).
Normalizing the static model...
Finding the optimal block decomposition of the static model...
7 block(s) found:
  6 recursive block(s) and 1 simultaneous block(s).
  the largest simultaneous block has 15 equation(s)
                                 and 15 feedback variable(s).
Computing dynamic model derivatives (order 2).
Normalizing the dynamic model...
Finding the optimal block decomposition of the dynamic model...
3 block(s) found:
  2 recursive block(s) and 1 simultaneous block(s).
  the largest simultaneous block has 15 equation(s)
                                 and 14 feedback variable(s).
Preprocessing completed.
Preprocessing time: 0h00m00s.

EIGENVALUES:
         Modulus             Real        Imaginary
       1.056e-16       -1.056e-16                0
          0.8188          -0.7876           0.2236
          0.8188          -0.7876          -0.2236
          0.8238          -0.5557           0.6081
          0.8238          -0.5557          -0.6081
          0.8349           -0.153           0.8208
          0.8349           -0.153          -0.8208
          0.8552           0.3152            0.795
          0.8552           0.3152           -0.795
          0.8608           0.8608                0
           0.892           0.7311           0.5111
           0.892           0.7311          -0.5111
             0.9              0.9                0
             0.9              0.9                0
             0.9              0.9                0
             0.9              0.9                0
             0.9              0.9                0
           1.261            1.236            0.247
           1.261            1.236           -0.247
             Inf             -Inf                0

There are 3 eigenvalue(s) larger than 1 in modulus for 3 forward-looking variable(s)
The rank condition is verified.


MODEL SUMMARY

  Number of variables:         21
  Number of stochastic shocks: 5
  Number of state variables:   17
  Number of jumpers:           3
  Number of static variables:  4


MATRIX OF COVARIANCE OF EXOGENOUS SHOCKS
Variables       eps_a     eps_e     eps_p     eps_j     eps_u
eps_a        0.000000  0.000000  0.000000  0.000000  0.000000
eps_e        0.000000  1.000000  0.000000  0.000000  0.000000
eps_p        0.000000  0.000000  1.000000  0.000000  0.000000
eps_j        0.000000  0.000000  0.000000  1.000000  0.000000
eps_u        0.000000  0.000000  0.000000  0.000000  0.000000

POLICY AND TRANSITION FUNCTIONS
                                  pi            y_cb              rn               i              ex           react               a               e               p               j               u
Constant                           0               0        0.010101        0.010101               0               0               0               0               0               0               0
e(-1)                       1.198185        0.805283               0        1.437822        1.756521        1.437822               0        0.900000               0               0               0
p(-1)                      -1.198185       -0.805283               0       -0.537822       -0.856521       -0.537822               0               0        0.900000               0               0
j(-1)                       1.198185        0.805283               0        1.437822        0.856521        1.437822               0               0               0        0.900000               0
u(-1)                       1.892902       -3.627937               0        2.271483        1.305615        2.271483               0               0               0               0        0.900000
y_cb(-2)                    0.017028       -0.029036               0        0.020434        0.017788        0.020434               0               0               0               0               0
y_cb(-3)                    0.022835       -0.032336               0        0.027402        0.022938        0.027402               0               0               0               0               0
y_cb(-4)                    0.029398       -0.033804               0        0.035278        0.028445        0.035278               0               0               0               0               0
y_cb(-5)                    0.036395       -0.032185               0        0.043674        0.033875        0.043674               0               0               0               0               0
y_cb(-6)                    0.043265       -0.025848               0        0.051918        0.038547        0.051918               0               0               0               0               0
y_cb(-7)                    0.049128       -0.012753               0        0.058954        0.041469        0.058954               0               0               0               0               0
y_cb(-8)                    0.052707        0.009557               0        0.063249        0.041266        0.063249               0               0               0               0               0
y_cb(-9)                    0.052236        0.043908               0        0.062683        0.036120        0.062683               0               0               0               0               0
y_cb(-10)                   0.045379        0.093387               0        0.054455        0.023715        0.054455               0               0               0               0               0
y_cb(-11)                   0.029174        0.161133               0        0.035009        0.001222        0.035009               0               0               0               0               0
pi(-1)                     -0.014587       -0.080567               0        0.282496        0.199389        0.282496               0               0               0               0               0
y_cb(-1)                    0.012123       -0.024825               0        0.014548        0.013240        0.014548               0               0               0               0               0
a(-1)                      -0.119819       -0.080528       -0.090000       -0.143782       -0.085652       -0.143782        0.900000               0               0               0               0
eps_a                      -0.133132       -0.089476       -0.100000       -0.159758       -0.095169       -0.159758        1.000000               0               0               0               0
eps_e                       1.331317        0.894759               0        1.597580        1.951690        1.597580               0        1.000000               0               0               0
eps_p                      -1.331317       -0.894759               0       -0.597580       -0.951690       -0.597580               0               0        1.000000               0               0
eps_j                       1.331317        0.894759               0        1.597580        0.951690        1.597580               0               0               0        1.000000               0
eps_u                       2.103225       -4.031041               0        2.523870        1.450683        2.523870               0               0               0               0        1.000000


MOMENTS OF SIMULATED VARIABLES
VARIABLE              MEAN       STD. DEV.        VARIANCE        SKEWNESS        KURTOSIS
pi               -0.312192        5.277777       27.854933       -0.150908       -0.242627
y_cb             -0.164085        2.835632        8.040810       -0.080674       -0.031103
rn                0.010101        0.000000        0.000000             NaN             NaN
i                -0.116201        7.042890       49.602303       -0.033220       -0.108334
ex               -0.274103        6.475481       41.931859        0.050331       -0.362984
react            -0.126302        7.042890       49.602303       -0.033220       -0.108334
a                 0.000000        0.000000        0.000000             NaN             NaN
e                 0.018886        2.419650        5.854705        0.134575       -0.366249
p                 0.343541        2.350353        5.524159        0.285048        0.094130
j                 0.138430        2.227850        4.963316       -0.133528       -0.303606
u                -0.000000        0.000000        0.000000             NaN             NaN


CORRELATION OF SIMULATED VARIABLES
VARIABLE         pi     y_cb       rn        i       ex    react        a        e        p        j        u
pi           1.0000   0.9790      NaN   0.9491   0.9460   0.9491      NaN   0.5293  -0.4667   0.5166      NaN
y_cb         0.9790   1.0000      NaN   0.9196   0.9178   0.9196      NaN   0.5241  -0.4524   0.5127      NaN
rn              NaN      NaN      NaN      NaN      NaN      NaN      NaN      NaN      NaN      NaN      NaN
i            0.9491   0.9196      NaN   1.0000   0.9556   1.0000      NaN   0.6356  -0.1763   0.6053      NaN
ex           0.9460   0.9178      NaN   0.9556   1.0000   0.9556      NaN   0.7684  -0.2871   0.3589      NaN
react        0.9491   0.9196      NaN   1.0000   0.9556   1.0000      NaN   0.6356  -0.1763   0.6053      NaN
a               NaN      NaN      NaN      NaN      NaN      NaN      NaN      NaN      NaN      NaN      NaN
e            0.5293   0.5241      NaN   0.6356   0.7684   0.6356      NaN   1.0000   0.1559  -0.0734      NaN
p           -0.4667  -0.4524      NaN  -0.1763  -0.2871  -0.1763      NaN   0.1559   1.0000   0.1029      NaN
j            0.5166   0.5127      NaN   0.6053   0.3589   0.6053      NaN  -0.0734   0.1029   1.0000      NaN
u               NaN      NaN      NaN      NaN      NaN      NaN      NaN      NaN      NaN      NaN      NaN


AUTOCORRELATION OF SIMULATED VARIABLES
VARIABLE         1       2       3       4       5
pi          0.9127  0.8387  0.7787  0.7234  0.6699
y_cb        0.8509  0.7514  0.6738  0.6089  0.5528
rn             NaN     NaN     NaN     NaN     NaN
i           0.9451  0.8738  0.8133  0.7576  0.7053
ex          0.9351  0.8552  0.7880  0.7259  0.6668
react       0.9451  0.8738  0.8133  0.7576  0.7053
a              NaN     NaN     NaN     NaN     NaN
e           0.9097  0.8223  0.7429  0.6665  0.5942
p           0.9035  0.8217  0.7405  0.6657  0.5926
j           0.8973  0.8094  0.7238  0.6494  0.5797
u              NaN     NaN     NaN     NaN     NaN



VARIANCE DECOMPOSITION SIMULATING ONE SHOCK AT A TIME (in percent)
                    eps_a             eps_e             eps_p             eps_j             eps_u  Tot. lin. contr.
pi                   0.00             46.19             42.92             39.29              0.00            128.41
y_cb                 0.00             45.63             41.68             38.78              0.00            126.09
rn                    NaN               NaN               NaN               NaN               NaN               NaN
i                    0.00             57.05             16.31             48.37              0.00            121.73
ex                   0.00             77.86             24.38             22.26              0.00            124.50
react                0.00             57.05             16.31             48.37              0.00            121.73
a                     NaN               NaN               NaN               NaN               NaN               NaN
e                    0.00            100.11              0.00              0.00              0.00            100.11
p                    0.00              0.00            100.11              0.00              0.00            100.11
j                    0.00              0.00              0.00            100.11              0.00            100.11
u                     NaN               NaN               NaN               NaN               NaN               NaN
Note: numbers do not add up to 100 due to non-zero correlation of simulated shocks in small samples

Total computing time : 0h00m04s
