Starting Dynare (version 6.2).
Calling Dynare with arguments: -DEXPW=0.8 -DECONW=0.8 -DREACTW=0.8
Starting preprocessing of the model file ...
Substitution of endo lags >= 2: added 10 auxiliary variables and equations.
Found 21 equation(s).
Evaluating expressions...
Computing static model derivatives (order 1).
Normalizing the static model...
Finding the optimal block decomposition of the static model...
7 block(s) found:
  6 recursive block(s) and 1 simultaneous block(s).
  the largest simultaneous block has 15 equation(s)
                                 and 15 feedback variable(s).
Computing dynamic model derivatives (order 2).
Normalizing the dynamic model...
Finding the optimal block decomposition of the dynamic model...
3 block(s) found:
  2 recursive block(s) and 1 simultaneous block(s).
  the largest simultaneous block has 15 equation(s)
                                 and 14 feedback variable(s).
Preprocessing completed.
Preprocessing time: 0h00m00s.

EIGENVALUES:
         Modulus             Real        Imaginary
        9.21e-17         9.21e-17                0
             0.5              0.5                0
             0.5              0.5                0
             0.5              0.5                0
             0.5              0.5                0
             0.5              0.5                0
           0.814          -0.7829           0.2227
           0.814          -0.7829          -0.2227
          0.8188          -0.5512           0.6054
          0.8188          -0.5512          -0.6054
          0.8294          -0.1493           0.8159
          0.8294          -0.1493          -0.8159
          0.8483           0.3169           0.7869
          0.8483           0.3169          -0.7869
          0.8534           0.8534                0
          0.8793           0.7242           0.4986
          0.8793           0.7242          -0.4986
           1.319            1.311           0.1523
           1.319            1.311          -0.1523
             Inf             -Inf                0

There are 3 eigenvalue(s) larger than 1 in modulus for 3 forward-looking variable(s)
The rank condition is verified.


MODEL SUMMARY

  Number of variables:         21
  Number of stochastic shocks: 5
  Number of state variables:   17
  Number of jumpers:           3
  Number of static variables:  4


MATRIX OF COVARIANCE OF EXOGENOUS SHOCKS
Variables       eps_a     eps_e     eps_p     eps_j     eps_u
eps_a        0.000000  0.000000  0.000000  0.000000  0.000000
eps_e        0.000000  1.000000  0.000000  0.000000  0.000000
eps_p        0.000000  0.000000  1.000000  0.000000  0.000000
eps_j        0.000000  0.000000  0.000000  1.000000  0.000000
eps_u        0.000000  0.000000  0.000000  0.000000  0.000000

POLICY AND TRANSITION FUNCTIONS
                                  pi            y_cb              rn               i              ex           react               a               e               p               j               u
Constant                           0               0        0.010101        0.010101               0               0               0               0               0               0               0
e(-1)                       0.172149        0.481093               0        0.266716        0.572373        0.206579               0        0.500000               0               0               0
p(-1)                      -0.172149       -0.481093               0        0.233284       -0.072373        0.293421               0               0        0.500000               0               0
j(-1)                       0.172149        0.481093               0        0.266716        0.072373        0.206579               0               0               0        0.500000               0
u(-1)                       0.675849       -0.807112               0        0.710130        0.254064        0.811019               0               0               0               0        0.500000
y_cb(-2)                    0.017619       -0.020697               0        0.018556        0.017109        0.021143               0               0               0               0               0
y_cb(-3)                    0.021911       -0.023137               0        0.023401        0.020916        0.026294               0               0               0               0               0
y_cb(-4)                    0.026762       -0.024617               0        0.029037        0.025041        0.032114               0               0               0               0               0
y_cb(-5)                    0.032004       -0.024249               0        0.035374        0.029226        0.038405               0               0               0               0               0
y_cb(-6)                    0.037301       -0.020706               0        0.042173        0.033014        0.044761               0               0               0               0               0
y_cb(-7)                    0.042059       -0.012064               0        0.048962        0.035660        0.050470               0               0               0               0               0
y_cb(-8)                    0.045309        0.004424               0        0.054924        0.036000        0.054371               0               0               0               0               0
y_cb(-9)                    0.045548        0.032594               0        0.058732        0.032285        0.054657               0               0               0               0               0
y_cb(-10)                   0.040514        0.077731               0        0.058334        0.021956        0.048617               0               0               0               0               0
y_cb(-11)                   0.026906        0.147003               0        0.050663        0.001350        0.032287               0               0               0               0               0
pi(-1)                     -0.013453       -0.073502               0        0.274669        0.199325        0.283856               0               0               0               0               0
y_cb(-1)                    0.013942       -0.017873               0        0.014497        0.013746        0.016731               0               0               0               0               0
a(-1)                      -0.086075       -0.240547       -0.250000       -0.133358       -0.036186       -0.103290        0.500000               0               0               0               0
eps_a                      -0.172149       -0.481093       -0.500000       -0.266716       -0.072373       -0.206579        1.000000               0               0               0               0
eps_e                       0.344298        0.962187               0        0.533431        1.144746        0.413158               0        1.000000               0               0               0
eps_p                      -0.344298       -0.962187               0        0.466569       -0.144746        0.586842               0               0        1.000000               0               0
eps_j                       0.344298        0.962187               0        0.533431        0.144746        0.413158               0               0               0        1.000000               0
eps_u                       1.351699       -1.614225               0        1.420261        0.508127        1.622039               0               0               0               0        1.000000


MOMENTS OF SIMULATED VARIABLES
VARIABLE              MEAN       STD. DEV.        VARIANCE        SKEWNESS        KURTOSIS
pi               -0.025236        0.705588        0.497854        0.018329       -0.035229
y_cb             -0.035766        1.759877        3.097168        0.113140        0.322546
rn                0.010101        0.000000        0.000000             NaN             NaN
i                 0.035363        1.215294        1.476940       -0.043859        0.091227
ex               -0.014534        1.440998        2.076474        0.198752        0.259579
react             0.029733        1.144006        1.308749       -0.065149        0.166021
a                 0.000000        0.000000        0.000000             NaN             NaN
e                 0.006100        1.186094        1.406819        0.183369        0.237811
p                 0.067821        1.165965        1.359474        0.067461       -0.027115
j                 0.029154        1.124426        1.264334        0.073978        0.146417
u                -0.000000        0.000000        0.000000             NaN             NaN


CORRELATION OF SIMULATED VARIABLES
VARIABLE         pi     y_cb       rn        i       ex    react        a        e        p        j        u
pi           1.0000   0.9128      NaN   0.5132   0.7130   0.3697      NaN   0.5025  -0.4716   0.4806      NaN
y_cb         0.9128   1.0000      NaN   0.4051   0.6770   0.2380      NaN   0.5406  -0.5039   0.4995      NaN
rn              NaN      NaN      NaN      NaN      NaN      NaN      NaN      NaN      NaN      NaN      NaN
i            0.5132   0.4051      NaN   1.0000   0.6528   0.9844      NaN   0.5727   0.5061   0.5529      NaN
ex           0.7130   0.6770      NaN   0.6528   1.0000   0.5633      NaN   0.9552  -0.0510   0.0701      NaN
react        0.3697   0.2380      NaN   0.9844   0.5633   1.0000      NaN   0.5044   0.6346   0.4913      NaN
a               NaN      NaN      NaN      NaN      NaN      NaN      NaN      NaN      NaN      NaN      NaN
e            0.5025   0.5406      NaN   0.5727   0.9552   0.5044      NaN   1.0000   0.0839  -0.0723      NaN
p           -0.4716  -0.5039      NaN   0.5061  -0.0510   0.6346      NaN   0.0839   1.0000   0.0883      NaN
j            0.4806   0.4995      NaN   0.5529   0.0701   0.4913      NaN  -0.0723   0.0883   1.0000      NaN
u               NaN      NaN      NaN      NaN      NaN      NaN      NaN      NaN      NaN      NaN      NaN


AUTOCORRELATION OF SIMULATED VARIABLES
VARIABLE          1        2        3        4        5
pi           0.5959   0.4038   0.3391   0.3099   0.2828
y_cb         0.4419   0.1707   0.0581  -0.0013  -0.0542
rn              NaN      NaN      NaN      NaN      NaN
i            0.6250   0.4282   0.3092   0.2314   0.1786
ex           0.6037   0.3480   0.2377   0.1736   0.1228
react        0.6125   0.4284   0.3068   0.2307   0.1773
a               NaN      NaN      NaN      NaN      NaN
e            0.5384   0.2838   0.1630   0.0839   0.0215
p            0.5068   0.2946   0.1680   0.1117   0.0709
j            0.4933   0.2629   0.1158   0.0490  -0.0107
u               NaN      NaN      NaN      NaN      NaN



VARIANCE DECOMPOSITION SIMULATING ONE SHOCK AT A TIME (in percent)
                    eps_a             eps_e             eps_p             eps_j             eps_u  Tot. lin. contr.
pi                   0.00             43.27             41.84             38.83              0.00            123.94
y_cb                 0.00             41.84             39.37             36.87              0.00            118.08
rn                    NaN               NaN               NaN               NaN               NaN               NaN
i                    0.00             41.54             21.82             36.80              0.00            100.16
ex                   0.00             99.25              4.61              4.18              0.00            108.04
react                0.00             32.95             35.40             29.15              0.00             97.50
a                     NaN               NaN               NaN               NaN               NaN               NaN
e                    0.00            100.11              0.00              0.00              0.00            100.11
p                    0.00              0.00            100.11              0.00              0.00            100.11
j                    0.00              0.00              0.00            100.11              0.00            100.11
u                     NaN               NaN               NaN               NaN               NaN               NaN
Note: numbers do not add up to 100 due to non-zero correlation of simulated shocks in small samples

Total computing time : 0h00m05s
